[2026-06-19 12:49:57] Welcome to the Farming Bot Dashboard!
[2026-06-19 12:49:59] Bot Started.
[2026-06-19 12:50:20] Starting Automatic Tasks...
[2026-06-19 12:50:20] Setting Up things
[2026-06-19 12:50:22] Adjusted Location and size..
[2026-06-19 12:50:24] Searching bundle popup...
[2026-06-19 12:50:24] Searching bundle popup...
[2026-06-19 12:50:25] Bundle popup closed.
[2026-06-19 12:50:28] Switching to truf boost
[2026-06-19 12:50:28] Checking Shield
[2026-06-19 12:50:29] ['1101.01']
[2026-06-19 12:50:30] Time left : 0 seconds
[2026-06-19 12:50:30] Updating Shield
[2026-06-19 12:50:33] Shield Updated
[2026-06-19 12:50:36] ['08.00.01']
[2026-06-19 12:56:51] Welcome to the Farming Bot Dashboard!
[2026-06-19 12:57:31] Bot Started.
[2026-06-19 12:57:34] Starting Automatic Tasks...
[2026-06-19 12:57:34] Setting Up things
[2026-06-19 12:57:37] Adjusted Location and size..
[2026-06-19 12:57:39] Searching bundle popup...
[2026-06-19 12:57:39] Searching bundle popup...
[2026-06-19 12:57:39] Bundle popup not found.
[2026-06-19 12:57:42] Switching to truf boost
[2026-06-19 12:57:42] Checking Shield
[2026-06-19 12:57:43] ['07.52.50']
[2026-06-19 12:57:44] Time left : 28370 seconds
[2026-06-19 12:57:44] Updating Shield
[2026-06-19 12:57:47] Shield Updated
[2026-06-19 12:57:50] ['08.00.00']
[2026-06-19 12:57:56] Setting Up things
[2026-06-19 12:57:58] Adjusted Location and size..
[2026-06-19 12:58:00] Searching bundle popup...
[2026-06-19 12:58:00] Searching bundle popup...
[2026-06-19 12:58:01] Bundle popup not found.
[2026-06-19 12:58:04] Switching to truf boost
[2026-06-19 12:58:04] Checking Shield
[2026-06-19 12:58:05] ['07.59.43']
[2026-06-19 12:58:06] Time left : 28783 seconds
[2026-06-19 12:58:06] Updating Shield
[2026-06-19 12:58:09] Shield Updated
[2026-06-19 12:58:12] ['08.00.00']
[2026-06-19 12:58:18] Setting Up things
[2026-06-19 12:58:20] Adjusted Location and size..
[2026-06-19 12:58:22] Searching bundle popup...
[2026-06-19 12:58:22] Searching bundle popup...
[2026-06-19 12:58:23] Bundle popup not found.
[2026-06-19 12:58:26] Switching to truf boost
[2026-06-19 12:58:26] Checking Shield
[2026-06-19 12:58:27] ['07.59.43']
[2026-06-19 12:58:28] Time left : 28783 seconds
[2026-06-19 12:58:28] Updating Shield
[2026-06-19 12:58:30] Shield Updated
[2026-06-19 12:58:34] ['08.00.00']
[2026-06-19 12:58:40] Setting Up things
[2026-06-19 12:58:42] Adjusted Location and size..
[2026-06-19 12:58:44] Searching bundle popup...
[2026-06-19 12:58:44] Searching bundle popup...
[2026-06-19 12:58:44] Bundle popup not found.
[2026-06-19 12:58:48] Switching to truf boost
[2026-06-19 12:58:48] Checking Shield
[2026-06-19 12:58:49] Farming Engine Stopping...
[2026-06-19 12:58:49] Bot Stopped.
[2026-06-19 12:58:49] ['07.59.43']
[2026-06-19 12:58:50] Time left : 28783 seconds
[2026-06-19 12:58:50] Updating Shield
[2026-06-19 12:58:52] Shield Updated
[2026-06-19 12:58:55] ['update']
